[2022-08-06 21:22:43Z INFO HostContext] No proxy settings were found based on environmental variables (http_proxy/https_proxy/HTTP_PROXY/HTTPS_PROXY)
[2022-08-06 21:22:43Z INFO HostContext] Well known directory 'Bin': 'C:\Alia\Trufla\github & gitlab\githubActions\example-app\github-docker\github-docker\bin'
[2022-08-06 21:22:43Z INFO HostContext] Well known directory 'Root': 'C:\Alia\Trufla\github & gitlab\githubActions\example-app\github-docker\github-docker'
[2022-08-06 21:22:43Z INFO HostContext] Well known config file 'Credentials': 'C:\Alia\Trufla\github & gitlab\githubActions\example-app\github-docker\github-docker\.credentials'
[2022-08-06 21:22:43Z INFO HostContext] Well known directory 'Bin': 'C:\Alia\Trufla\github & gitlab\githubActions\example-app\github-docker\github-docker\bin'
[2022-08-06 21:22:43Z INFO HostContext] Well known directory 'Root': 'C:\Alia\Trufla\github & gitlab\githubActions\example-app\github-docker\github-docker'
[2022-08-06 21:22:43Z INFO HostContext] Well known config file 'Runner': 'C:\Alia\Trufla\github & gitlab\githubActions\example-app\github-docker\github-docker\.runner'
[2022-08-06 21:22:44Z INFO Listener] Runner is built for Windows (X64) - win-x64.
[2022-08-06 21:22:44Z INFO Listener] RuntimeInformation: Microsoft Windows 10.0.19043.
[2022-08-06 21:22:44Z INFO Listener] Version: 2.294.0
[2022-08-06 21:22:44Z INFO Listener] Commit: 709bd6113d2fca3a89a0fef11913ce4efd7b8cc5
[2022-08-06 21:22:44Z INFO Listener] Culture: en-US
[2022-08-06 21:22:44Z INFO Listener] UI Culture: en-US
[2022-08-06 21:22:44Z INFO HostContext] Well known directory 'Bin': 'C:\Alia\Trufla\github & gitlab\githubActions\example-app\github-docker\github-docker\bin'
[2022-08-06 21:22:44Z INFO HostContext] Well known directory 'Root': 'C:\Alia\Trufla\github & gitlab\githubActions\example-app\github-docker\github-docker'
[2022-08-06 21:22:44Z INFO Listener] Validating directory permissions for: 'C:\Alia\Trufla\github & gitlab\githubActions\example-app\github-docker\github-docker'
[2022-08-06 21:22:44Z INFO CommandLineParser] Parse
[2022-08-06 21:22:44Z INFO CommandLineParser] Parsing 5 args
[2022-08-06 21:22:44Z INFO CommandLineParser] parsing argument
[2022-08-06 21:22:44Z INFO CommandLineParser] HasArgs: False
[2022-08-06 21:22:44Z INFO CommandLineParser] Adding Command: configure
[2022-08-06 21:22:44Z INFO CommandLineParser] parsing argument
[2022-08-06 21:22:44Z INFO CommandLineParser] HasArgs: True
[2022-08-06 21:22:44Z INFO CommandLineParser] arg: url
[2022-08-06 21:22:44Z INFO CommandLineParser] parsing argument
[2022-08-06 21:22:44Z INFO CommandLineParser] HasArgs: True
[2022-08-06 21:22:44Z INFO CommandLineParser] Adding option 'url': 'https://github.com/alia-khalifa/testActions'
[2022-08-06 21:22:44Z INFO CommandLineParser] parsing argument
[2022-08-06 21:22:44Z INFO CommandLineParser] HasArgs: True
[2022-08-06 21:22:44Z INFO CommandLineParser] arg: token
[2022-08-06 21:22:44Z INFO CommandLineParser] parsing argument
[2022-08-06 21:22:44Z INFO CommandLineParser] HasArgs: True
[2022-08-06 21:22:44Z INFO CommandLineParser] Adding option 'token': '***'
[2022-08-06 21:22:44Z INFO Listener] Arguments parsed
[2022-08-06 21:22:44Z INFO Runner] ExecuteCommand
[2022-08-06 21:22:44Z INFO ConfigurationStore] currentAssemblyLocation: C:\Alia\Trufla\github & gitlab\githubActions\example-app\github-docker\github-docker\bin\Runner.Listener.dll
[2022-08-06 21:22:44Z INFO HostContext] Well known directory 'Bin': 'C:\Alia\Trufla\github & gitlab\githubActions\example-app\github-docker\github-docker\bin'
[2022-08-06 21:22:44Z INFO ConfigurationStore] binPath: C:\Alia\Trufla\github & gitlab\githubActions\example-app\github-docker\github-docker\bin
[2022-08-06 21:22:44Z INFO HostContext] Well known directory 'Bin': 'C:\Alia\Trufla\github & gitlab\githubActions\example-app\github-docker\github-docker\bin'
[2022-08-06 21:22:44Z INFO HostContext] Well known directory 'Root': 'C:\Alia\Trufla\github & gitlab\githubActions\example-app\github-docker\github-docker'
[2022-08-06 21:22:44Z INFO ConfigurationStore] RootFolder: C:\Alia\Trufla\github & gitlab\githubActions\example-app\github-docker\github-docker
[2022-08-06 21:22:44Z INFO HostContext] Well known directory 'Bin': 'C:\Alia\Trufla\github & gitlab\githubActions\example-app\github-docker\github-docker\bin'
[2022-08-06 21:22:44Z INFO HostContext] Well known directory 'Root': 'C:\Alia\Trufla\github & gitlab\githubActions\example-app\github-docker\github-docker'
[2022-08-06 21:22:44Z INFO HostContext] Well known config file 'Runner': 'C:\Alia\Trufla\github & gitlab\githubActions\example-app\github-docker\github-docker\.runner'
[2022-08-06 21:22:44Z INFO ConfigurationStore] ConfigFilePath: C:\Alia\Trufla\github & gitlab\githubActions\example-app\github-docker\github-docker\.runner
[2022-08-06 21:22:44Z INFO HostContext] Well known directory 'Bin': 'C:\Alia\Trufla\github & gitlab\githubActions\example-app\github-docker\github-docker\bin'
[2022-08-06 21:22:44Z INFO HostContext] Well known directory 'Root': 'C:\Alia\Trufla\github & gitlab\githubActions\example-app\github-docker\github-docker'
[2022-08-06 21:22:44Z INFO HostContext] Well known config file 'Credentials': 'C:\Alia\Trufla\github & gitlab\githubActions\example-app\github-docker\github-docker\.credentials'
[2022-08-06 21:22:44Z INFO ConfigurationStore] CredFilePath: C:\Alia\Trufla\github & gitlab\githubActions\example-app\github-docker\github-docker\.credentials
[2022-08-06 21:22:44Z INFO HostContext] Well known directory 'Bin': 'C:\Alia\Trufla\github & gitlab\githubActions\example-app\github-docker\github-docker\bin'
[2022-08-06 21:22:44Z INFO HostContext] Well known directory 'Root': 'C:\Alia\Trufla\github & gitlab\githubActions\example-app\github-docker\github-docker'
[2022-08-06 21:22:44Z INFO HostContext] Well known config file 'MigratedCredentials': 'C:\Alia\Trufla\github & gitlab\githubActions\example-app\github-docker\github-docker\.credentials_migrated'
[2022-08-06 21:22:44Z INFO ConfigurationStore] MigratedCredFilePath: C:\Alia\Trufla\github & gitlab\githubActions\example-app\github-docker\github-docker\.credentials_migrated
[2022-08-06 21:22:44Z INFO HostContext] Well known directory 'Bin': 'C:\Alia\Trufla\github & gitlab\githubActions\example-app\github-docker\github-docker\bin'
[2022-08-06 21:22:44Z INFO HostContext] Well known directory 'Root': 'C:\Alia\Trufla\github & gitlab\githubActions\example-app\github-docker\github-docker'
[2022-08-06 21:22:44Z INFO HostContext] Well known config file 'Service': 'C:\Alia\Trufla\github & gitlab\githubActions\example-app\github-docker\github-docker\.service'
[2022-08-06 21:22:44Z INFO ConfigurationStore] ServiceConfigFilePath: C:\Alia\Trufla\github & gitlab\githubActions\example-app\github-docker\github-docker\.service
[2022-08-06 21:22:44Z INFO CommandSettings] Flag 'help': 'False'
[2022-08-06 21:22:44Z INFO CommandSettings] Flag 'version': 'False'
[2022-08-06 21:22:44Z INFO CommandSettings] Flag 'commit': 'False'
[2022-08-06 21:22:44Z INFO CommandSettings] Flag 'check': 'False'
[2022-08-06 21:22:44Z INFO CommandSettings] Command 'configure': 'True'
[2022-08-06 21:22:44Z INFO Terminal] WRITE LINE: 
[2022-08-06 21:22:44Z INFO Terminal] WRITE LINE: --------------------------------------------------------------------------------
[2022-08-06 21:22:44Z INFO Terminal] WRITE LINE: |        ____ _ _   _   _       _          _        _   _                      |
[2022-08-06 21:22:44Z INFO Terminal] WRITE LINE: |       / ___(_) |_| | | |_   _| |__      / \   ___| |_(_) ___  _ __  ___      |
[2022-08-06 21:22:44Z INFO Terminal] WRITE LINE: |      | |  _| | __| |_| | | | | '_ \    / _ \ / __| __| |/ _ \| '_ \/ __|     |
[2022-08-06 21:22:44Z INFO Terminal] WRITE LINE: |      | |_| | | |_|  _  | |_| | |_) |  / ___ \ (__| |_| | (_) | | | \__ \     |
[2022-08-06 21:22:44Z INFO Terminal] WRITE LINE: |       \____|_|\__|_| |_|\__,_|_.__/  /_/   \_\___|\__|_|\___/|_| |_|___/     |
[2022-08-06 21:22:44Z INFO Terminal] WRITE LINE: |                                                                              |
[2022-08-06 21:22:44Z INFO Terminal] WRITE: |                       
[2022-08-06 21:22:44Z INFO Terminal] WRITE: Self-hosted runner registration
[2022-08-06 21:22:44Z INFO Terminal] WRITE LINE:                         |
[2022-08-06 21:22:44Z INFO Terminal] WRITE LINE: |                                                                              |
[2022-08-06 21:22:44Z INFO Terminal] WRITE LINE: --------------------------------------------------------------------------------
[2022-08-06 21:22:44Z INFO ConfigurationManager] ConfigureAsync
[2022-08-06 21:22:44Z INFO ConfigurationStore] IsConfigured()
[2022-08-06 21:22:44Z INFO ConfigurationStore] IsConfigured: False
[2022-08-06 21:22:44Z INFO ConfigurationManager] Is configured: False
[2022-08-06 21:22:44Z INFO CommandSettings] Arg 'url': 'https://github.com/alia-khalifa/testActions'
[2022-08-06 21:22:44Z INFO CommandSettings] Remove url from Arg dictionary.
[2022-08-06 21:22:44Z INFO CommandSettings] Arg 'token': '***'
[2022-08-06 21:22:44Z INFO CommandSettings] Remove token from Arg dictionary.
[2022-08-06 21:22:46Z INFO ConfigurationManager] Http response code: OK from 'POST https://api.github.com/actions/runner-registration'
[2022-08-06 21:22:46Z INFO ConfigurationManager] cred retrieved via GitHub auth
[2022-08-06 21:22:46Z INFO RunnerServer] Establish connection with 100 seconds timeout.
[2022-08-06 21:22:46Z INFO GitHubActionsService] Starting operation Location.GetConnectionData
[2022-08-06 21:22:46Z INFO RunnerServer] Establish connection with 60 seconds timeout.
[2022-08-06 21:22:46Z INFO GitHubActionsService] Starting operation Location.GetConnectionData
[2022-08-06 21:22:46Z INFO RunnerServer] Establish connection with 60 seconds timeout.
[2022-08-06 21:22:46Z INFO GitHubActionsService] Starting operation Location.GetConnectionData
[2022-08-06 21:22:47Z INFO GitHubActionsService] Finished operation Location.GetConnectionData
[2022-08-06 21:22:47Z INFO GitHubActionsService] Finished operation Location.GetConnectionData
[2022-08-06 21:22:47Z INFO GitHubActionsService] Finished operation Location.GetConnectionData
[2022-08-06 21:22:48Z INFO Terminal] WRITE LINE: 
[2022-08-06 21:22:48Z INFO ConfigurationManager] Test Connection complete.
[2022-08-06 21:22:48Z INFO HostContext] Well known directory 'Bin': 'C:\Alia\Trufla\github & gitlab\githubActions\example-app\github-docker\github-docker\bin'
[2022-08-06 21:22:48Z INFO HostContext] Well known directory 'Root': 'C:\Alia\Trufla\github & gitlab\githubActions\example-app\github-docker\github-docker'
[2022-08-06 21:22:48Z INFO HostContext] Well known config file 'RSACredentials': 'C:\Alia\Trufla\github & gitlab\githubActions\example-app\github-docker\github-docker\.credentials_rsaparams'
[2022-08-06 21:22:48Z INFO RSAEncryptedFileKeyManager] Creating new RSA key using 2048-bit key length
[2022-08-06 21:22:48Z INFO RSAEncryptedFileKeyManager] Successfully saved RSA key parameters to file C:\Alia\Trufla\github & gitlab\githubActions\example-app\github-docker\github-docker\.credentials_rsaparams
[2022-08-06 21:22:48Z INFO CommandSettings] Arg 'runnergroup': ''
[2022-08-06 21:22:48Z INFO CommandSettings] Flag 'unattended': 'False'
[2022-08-06 21:22:48Z INFO PromptManager] ReadValue
[2022-08-06 21:22:48Z INFO Terminal] WRITE: Enter the name of the runner group to add this runner to: 
[2022-08-06 21:22:48Z INFO Terminal] WRITE: [press Enter for Default] 
[2022-08-06 21:22:48Z INFO Terminal] READ LINE
[2022-08-06 21:22:54Z INFO Terminal] Read value: ''
[2022-08-06 21:22:54Z INFO PromptManager] Falling back to the default: 'Default'
[2022-08-06 21:22:54Z INFO Terminal] WRITE LINE: 
[2022-08-06 21:22:54Z INFO ConfigurationManager] Found a self-hosted runner group with id 1 and name Default
[2022-08-06 21:22:54Z INFO CommandSettings] Flag 'disableupdate': 'False'
[2022-08-06 21:22:54Z INFO CommandSettings] Flag 'ephemeral': 'False'
[2022-08-06 21:22:54Z INFO CommandSettings] Arg 'name': ''
[2022-08-06 21:22:54Z INFO CommandSettings] Flag 'unattended': 'False'
[2022-08-06 21:22:54Z INFO PromptManager] ReadValue
[2022-08-06 21:22:54Z INFO Terminal] WRITE: Enter the name of runner: 
[2022-08-06 21:22:54Z INFO Terminal] WRITE: [press Enter for DESKTOP-F4RRPHH] 
[2022-08-06 21:22:54Z INFO Terminal] READ LINE
[2022-08-06 21:23:43Z INFO Terminal] Read value: 'docker'
[2022-08-06 21:23:43Z INFO Terminal] WRITE LINE: 
[2022-08-06 21:23:43Z INFO CommandSettings] Arg 'labels': ''
[2022-08-06 21:23:43Z INFO CommandSettings] Flag 'unattended': 'False'
[2022-08-06 21:23:43Z INFO PromptManager] ReadValue
[2022-08-06 21:23:43Z INFO Terminal] WRITE: This runner will have the following labels: 'self-hosted', 'Windows', 'X64' 
Enter any additional labels (ex. label-1,label-2): 
[2022-08-06 21:23:43Z INFO Terminal] WRITE: [press Enter to skip] 
[2022-08-06 21:23:43Z INFO Terminal] READ LINE
[2022-08-06 21:23:50Z INFO Terminal] Read value: 'docker'
[2022-08-06 21:23:50Z INFO Terminal] WRITE LINE: 
[2022-08-06 21:23:50Z INFO CommandSettings] Flag 'disableupdate': 'False'
[2022-08-06 21:23:51Z INFO CommandSettings] Flag 'disableupdate': 'False'
[2022-08-06 21:23:51Z INFO CommandSettings] Flag 'ephemeral': 'False'
[2022-08-06 21:23:51Z INFO ConfigurationStore] Saving OAuth credential @ C:\Alia\Trufla\github & gitlab\githubActions\example-app\github-docker\github-docker\.credentials
[2022-08-06 21:23:51Z INFO ConfigurationStore] Credentials Saved.
[2022-08-06 21:23:51Z INFO ConfigurationStore] HasCredentials()
[2022-08-06 21:23:51Z INFO ConfigurationStore] stored True
[2022-08-06 21:23:51Z INFO CredentialManager] GetCredentialProvider
[2022-08-06 21:23:51Z INFO CredentialManager] Creating type OAuth
[2022-08-06 21:23:51Z INFO CredentialManager] Creating credential type: OAuth
[2022-08-06 21:23:51Z INFO RSAEncryptedFileKeyManager] Loading RSA key parameters from file C:\Alia\Trufla\github & gitlab\githubActions\example-app\github-docker\github-docker\.credentials_rsaparams
[2022-08-06 21:23:51Z INFO RunnerServer] Establish connection with 100 seconds timeout.
[2022-08-06 21:23:51Z INFO GitHubActionsService] Starting operation Location.GetConnectionData
[2022-08-06 21:23:51Z INFO RunnerServer] Establish connection with 60 seconds timeout.
[2022-08-06 21:23:51Z INFO GitHubActionsService] Starting operation Location.GetConnectionData
[2022-08-06 21:23:51Z INFO RunnerServer] Establish connection with 60 seconds timeout.
[2022-08-06 21:23:51Z INFO GitHubActionsService] Starting operation Location.GetConnectionData
[2022-08-06 21:23:51Z INFO GitHubActionsService] Finished operation Location.GetConnectionData
[2022-08-06 21:23:51Z INFO GitHubActionsService] Finished operation Location.GetConnectionData
[2022-08-06 21:23:51Z INFO GitHubActionsService] Finished operation Location.GetConnectionData
[2022-08-06 21:23:52Z WARN GitHubActionsService] Authentication failed with status code 401.
Transfer-Encoding: chunked
WWW-Authenticate: Bearer
Strict-Transport-Security: max-age=2592000
X-TFS-ProcessId: 391d4942-7ff4-4ebf-853f-48a5a1a40dde
ActivityId: 1722cd15-4644-4fb5-9a28-2d9df4e70a50
X-TFS-Session: b80ab94c-7af7-4ddb-b328-f943ce4422f5
X-VSS-E2EID: 294d8b83-04a8-49df-83ec-c82915cf1c45
X-VSS-SenderDeploymentId: 7101e053-bd8e-689b-be8c-ce908c7f0053
X-TFS-ServiceError: The+user+%27System%3aPublicAccess%3baaaaaaaa-aaaa-aaaa-aaaa-aaaaaaaaaaaa%27+is+not+authorized+to+access+this+resource.
X-VSS-S2STargetService: 0000005A-0000-8888-8000-000000000000/visualstudio.com
X-Cache: CONFIG_NOCACHE
X-MSEdge-Ref: Ref A: 50052AA54A174C3288D07C1D086B7A11 Ref B: CAI30EDGE0305 Ref C: 2022-08-06T21:23:52Z
Date: Sat, 06 Aug 2022 21:23:51 GMT

[2022-08-06 21:23:52Z INFO RSAEncryptedFileKeyManager] Loading RSA key parameters from file C:\Alia\Trufla\github & gitlab\githubActions\example-app\github-docker\github-docker\.credentials_rsaparams
[2022-08-06 21:23:52Z INFO RSAEncryptedFileKeyManager] Loading RSA key parameters from file C:\Alia\Trufla\github & gitlab\githubActions\example-app\github-docker\github-docker\.credentials_rsaparams
[2022-08-06 21:23:52Z INFO GitHubActionsService] AAD Correlation ID for this token request: Unknown
[2022-08-06 21:23:53Z INFO CommandSettings] Arg 'work': ''
[2022-08-06 21:23:53Z INFO CommandSettings] Flag 'unattended': 'False'
[2022-08-06 21:23:53Z INFO PromptManager] ReadValue
[2022-08-06 21:23:53Z INFO Terminal] WRITE: Enter name of work folder: 
[2022-08-06 21:23:53Z INFO Terminal] WRITE: [press Enter for _work] 
[2022-08-06 21:23:53Z INFO Terminal] READ LINE
[2022-08-06 21:23:54Z INFO Terminal] Read value: ''
[2022-08-06 21:23:54Z INFO PromptManager] Falling back to the default: '_work'
[2022-08-06 21:23:54Z INFO ConfigurationStore] Saving runner settings.
[2022-08-06 21:23:54Z INFO ConfigurationStore] Settings Saved.
[2022-08-06 21:23:54Z INFO Terminal] WRITE LINE: 
[2022-08-06 21:23:54Z INFO Terminal] WRITE LINE: 
[2022-08-06 21:23:54Z INFO CommandSettings] Flag 'runasservice': 'False'
[2022-08-06 21:23:54Z INFO CommandSettings] Flag 'unattended': 'False'
[2022-08-06 21:23:54Z INFO PromptManager] ReadValue
[2022-08-06 21:23:54Z INFO Terminal] WRITE: Would you like to run the runner as service? (Y/N) 
[2022-08-06 21:23:54Z INFO Terminal] WRITE: [press Enter for N] 
[2022-08-06 21:23:54Z INFO Terminal] READ LINE
[2022-08-06 21:23:58Z INFO Terminal] Read value: 'y'
[2022-08-06 21:23:58Z INFO ConfigurationManager] Configuring to run the agent as service
[2022-08-06 21:23:58Z INFO CommandSettings] Arg 'windowslogonaccount': ''
[2022-08-06 21:23:58Z INFO CommandSettings] Flag 'unattended': 'False'
[2022-08-06 21:23:58Z INFO PromptManager] ReadValue
[2022-08-06 21:23:58Z INFO Terminal] WRITE: User account to use for the service 
[2022-08-06 21:23:58Z INFO Terminal] WRITE: [press Enter for NT AUTHORITY\NETWORK SERVICE] 
[2022-08-06 21:23:58Z INFO Terminal] READ LINE
[2022-08-06 21:24:29Z INFO Terminal] Read value: ''
[2022-08-06 21:24:29Z INFO PromptManager] Falling back to the default: 'NT AUTHORITY\NETWORK SERVICE'
[2022-08-06 21:24:29Z INFO WindowsServiceControlManager] LogonAccount after transforming: NT AUTHORITY\NETWORK SERVICE, user: NETWORK SERVICE, domain: NT AUTHORITY
[2022-08-06 21:24:29Z INFO WindowsServiceControlManager] Service name 'actions.runner.alia-khalifa-testActions.docker' display name 'GitHub Actions Runner (alia-khalifa-testActions.docker)' will be used for service configuration.
[2022-08-06 21:24:29Z INFO WindowsServiceControlManager] Verifying if the account has LogonAsService permission
[2022-08-06 21:24:29Z INFO WindowsServiceControlManager] Account: NT AUTHORITY\NETWORK SERVICE already has Logon As Service Privilege.
[2022-08-06 21:24:29Z INFO WindowsServiceControlManager] Create local group and grant folder permission to service logon account.
[2022-08-06 21:24:29Z INFO HostContext] Well known directory 'Bin': 'C:\Alia\Trufla\github & gitlab\githubActions\example-app\github-docker\github-docker\bin'
[2022-08-06 21:24:29Z INFO HostContext] Well known directory 'Root': 'C:\Alia\Trufla\github & gitlab\githubActions\example-app\github-docker\github-docker'
[2022-08-06 21:24:29Z INFO ConfigurationStore] Read setting file: 295 chars
[2022-08-06 21:24:29Z INFO HostContext] Well known directory 'Bin': 'C:\Alia\Trufla\github & gitlab\githubActions\example-app\github-docker\github-docker\bin'
[2022-08-06 21:24:29Z INFO HostContext] Well known directory 'Root': 'C:\Alia\Trufla\github & gitlab\githubActions\example-app\github-docker\github-docker'
[2022-08-06 21:24:29Z INFO HostContext] Well known directory 'Work': 'C:\Alia\Trufla\github & gitlab\githubActions\example-app\github-docker\github-docker\_work'
[2022-08-06 21:24:29Z INFO HostContext] Well known directory 'Bin': 'C:\Alia\Trufla\github & gitlab\githubActions\example-app\github-docker\github-docker\bin'
[2022-08-06 21:24:29Z INFO NativeWindowsServiceHelper] Calculated unique group name GITHUB_ActionsRunner_G6c686
[2022-08-06 21:24:29Z INFO NativeWindowsServiceHelper] Trying to create group GITHUB_ActionsRunner_G6c686
[2022-08-06 21:24:29Z INFO NativeWindowsServiceHelper] Local Group 'GITHUB_ActionsRunner_G6c686' created
[2022-08-06 21:24:29Z INFO NativeWindowsServiceHelper] Trying to add userName NT AUTHORITY\NETWORK SERVICE to the group GITHUB_ActionsRunner_G6c686
[2022-08-06 21:24:29Z INFO NativeWindowsServiceHelper] Account 'NT AUTHORITY\NETWORK SERVICE' is added to local group 'GITHUB_ActionsRunner_G6c686'.
[2022-08-06 21:24:29Z INFO NativeWindowsServiceHelper] Set full access control to group for the folder C:\Alia\Trufla\github & gitlab\githubActions\example-app\github-docker\github-docker
[2022-08-06 21:24:29Z INFO NativeWindowsServiceHelper] Set full access control to group for the folder C:\Alia\Trufla\github & gitlab\githubActions\example-app\github-docker\github-docker\_work
[2022-08-06 21:24:29Z INFO NativeWindowsServiceHelper] Local group 'GITHUB_ActionsRunner_G6c686' already has full control to path 'C:\Alia\Trufla\github & gitlab\githubActions\example-app\github-docker\github-docker\_work'.
[2022-08-06 21:24:29Z INFO Terminal] WRITE LINE: Granting file permissions to 'NT AUTHORITY\NETWORK SERVICE'.
[2022-08-06 21:24:29Z INFO HostContext] Well known directory 'Bin': 'C:\Alia\Trufla\github & gitlab\githubActions\example-app\github-docker\github-docker\bin'
[2022-08-06 21:24:29Z INFO ProcessInvokerWrapper] Starting process:
[2022-08-06 21:24:29Z INFO ProcessInvokerWrapper]   File name: '"C:\Alia\Trufla\github & gitlab\githubActions\example-app\github-docker\github-docker\bin\RunnerService.exe"'
[2022-08-06 21:24:29Z INFO ProcessInvokerWrapper]   Arguments: 'init'
[2022-08-06 21:24:29Z INFO ProcessInvokerWrapper]   Working directory: ''
[2022-08-06 21:24:29Z INFO ProcessInvokerWrapper]   Require exit code zero: 'True'
[2022-08-06 21:24:29Z INFO ProcessInvokerWrapper]   Encoding web name:  ; code page: ''
[2022-08-06 21:24:29Z INFO ProcessInvokerWrapper]   Force kill process on cancellation: 'False'
[2022-08-06 21:24:29Z INFO ProcessInvokerWrapper]   Redirected STDIN: 'False'
[2022-08-06 21:24:29Z INFO ProcessInvokerWrapper]   Persist current code page: 'False'
[2022-08-06 21:24:29Z INFO ProcessInvokerWrapper]   Keep redirected STDIN open: 'False'
[2022-08-06 21:24:29Z INFO ProcessInvokerWrapper]   High priority process: 'False'
[2022-08-06 21:24:30Z INFO ProcessInvokerWrapper] Process started with process id 17292, waiting for process exit.
[2022-08-06 21:24:30Z INFO ProcessInvokerWrapper] STDOUT/STDERR stream read finished.
[2022-08-06 21:24:30Z INFO ProcessInvokerWrapper] STDOUT/STDERR stream read finished.
[2022-08-06 21:24:30Z INFO ProcessInvokerWrapper] Finished process 17292 with exit code 0, and elapsed time 00:00:00.1921459.
[2022-08-06 21:24:30Z INFO Terminal] WRITE LINE: Service actions.runner.alia-khalifa-testActions.docker successfully installed
[2022-08-06 21:24:30Z INFO Terminal] WRITE LINE: Service actions.runner.alia-khalifa-testActions.docker successfully set recovery option
[2022-08-06 21:24:30Z INFO Terminal] WRITE LINE: Service actions.runner.alia-khalifa-testActions.docker successfully set to delayed auto start
[2022-08-06 21:24:30Z INFO Terminal] WRITE LINE: Service actions.runner.alia-khalifa-testActions.docker successfully configured
[2022-08-06 21:24:30Z INFO HostContext] Well known directory 'Bin': 'C:\Alia\Trufla\github & gitlab\githubActions\example-app\github-docker\github-docker\bin'
[2022-08-06 21:24:30Z INFO HostContext] Well known directory 'Root': 'C:\Alia\Trufla\github & gitlab\githubActions\example-app\github-docker\github-docker'
[2022-08-06 21:24:30Z INFO HostContext] Well known config file 'Service': 'C:\Alia\Trufla\github & gitlab\githubActions\example-app\github-docker\github-docker\.service'
[2022-08-06 21:24:30Z INFO WindowsServiceControlManager] Configuration was successful, trying to start the service
[2022-08-06 21:24:30Z INFO Terminal] WRITE LINE: Waiting for service to start...
[2022-08-06 21:24:30Z INFO Terminal] WRITE LINE: Service actions.runner.alia-khalifa-testActions.docker started successfully
[2022-08-06 21:24:30Z INFO Listener] Runner execution has finished with return code 0
